<?xml version="1.0" encoding="UTF-8"?>
<testng-results skipped="0" failed="0" ignored="0" total="1" passed="1">
  <reporter-output>
  </reporter-output>
  <suite name="Default suite" duration-ms="8213" started-at="2021-02-05T04:00:49Z" finished-at="2021-02-05T04:00:57Z">
    <groups>
    </groups>
    <test name="Default test" duration-ms="8213" started-at="2021-02-05T04:00:49Z" finished-at="2021-02-05T04:00:57Z">
      <class name="com.test.LoginTest">
        <test-method status="PASS" signature="TC_001()[pri:0, instance:com.test.LoginTest@5f2606b]" name="TC_001" duration-ms="8161" started-at="2021-02-05T09:30:49Z" finished-at="2021-02-05T09:30:57Z">
          <reporter-output>
          </reporter-output>
        </test-method> <!-- TC_001 -->
      </class> <!-- com.test.LoginTest -->
    </test> <!-- Default test -->
  </suite> <!-- Default suite -->
</testng-results>
